{
  "RSpec": {
    "coverage": {
      "/Users/stefanliute/Projects/majordomo/spec/controllers/bookings_controller_spec.rb": [
        1,
        null,
        1,
        null,
        null
      ],
      "/Users/stefanliute/Projects/majordomo/spec/rails_helper.rb": [
        null,
        1,
        1,
        null,
        1,
        1,
        1,
        1,
        null,
        null,
        null,
        null,
        null,
        null,
        null,
        null,
        null,
        null,
        null,
        null,
        null,
        null,
        null,
        null,
        null,
        null,
        null,
        1,
        null,
        1,
        null,
        1,
        null,
        null,
        null,
        null,
        1,
        null,
        null,
        null,
        null,
        null,
        null,
        null,
        null,
        null,
        null,
        null,
        null,
        null,
        null,
        1,
        null,
        null,
        1,
        null,
        null,
        null
      ],
      "/Users/stefanliute/Projects/majordomo/config/environment.rb": [
        null,
        1,
        null,
        null,
        1
      ],
      "/Users/stefanliute/Projects/majordomo/config/application.rb": [
        1,
        null,
        1,
        null,
        1,
        1,
        1,
        1,
        1,
        1,
        1,
        1,
        null,
        null,
        null,
        null,
        1,
        null,
        1,
        1,
        null,
        null,
        null,
        null,
        null
      ],
      "/Users/stefanliute/Projects/majordomo/config/boot.rb": [
        1,
        null,
        1
      ],
      "/Users/stefanliute/Projects/majordomo/config/environments/test.rb": [
        1,
        null,
        null,
        null,
        null,
        null,
        null,
        1,
        null,
        null,
        null,
        null,
        1,
        null,
        null,
        1,
        1,
        null,
        null,
        null,
        null,
        1,
        1,
        null,
        null,
        1,
        null,
        null,
        1,
        1,
        null,
        null,
        null,
        null,
        1,
        null,
        null,
        1,
        null,
        null,
        null,
        null
      ],
      "/Users/stefanliute/Projects/majordomo/config/initializers/application_controller_renderer.rb": [
        null,
        null,
        null,
        null,
        null,
        null
      ],
      "/Users/stefanliute/Projects/majordomo/config/initializers/assets.rb": [
        null,
        null,
        null,
        1,
        null,
        null,
        null,
        null,
        null,
        null,
        null
      ],
      "/Users/stefanliute/Projects/majordomo/config/initializers/backtrace_silencers.rb": [
        null,
        null,
        null,
        null,
        null,
        null,
        null
      ],
      "/Users/stefanliute/Projects/majordomo/config/initializers/cookies_serializer.rb": [
        null,
        null,
        null,
        null,
        1
      ],
      "/Users/stefanliute/Projects/majordomo/config/initializers/filter_parameter_logging.rb": [
        null,
        null,
        null,
        1
      ],
      "/Users/stefanliute/Projects/majordomo/config/initializers/inflections.rb": [
        null,
        null,
        null,
        null,
        null,
        null,
        null,
        null,
        null,
        null,
        null,
        null,
        null,
        null,
        null,
        null
      ],
      "/Users/stefanliute/Projects/majordomo/config/initializers/mime_types.rb": [
        null,
        null,
        null,
        null
      ],
      "/Users/stefanliute/Projects/majordomo/config/initializers/new_framework_defaults.rb": [
        null,
        null,
        null,
        null,
        null,
        null,
        null,
        1,
        null,
        null,
        1,
        null,
        null,
        null,
        1,
        null,
        null,
        1,
        null,
        null,
        1,
        null,
        null,
        1
      ],
      "/Users/stefanliute/Projects/majordomo/config/initializers/session_store.rb": [
        null,
        null,
        1
      ],
      "/Users/stefanliute/Projects/majordomo/config/initializers/wrap_parameters.rb": [
        null,
        null,
        null,
        null,
        null,
        null,
        1,
        2,
        null,
        null,
        null,
        null,
        null,
        null
      ],
      "/Users/stefanliute/Projects/majordomo/spec/factories/bookings.rb": [
        1,
        1,
        1,
        1,
        1,
        1,
        null,
        null
      ],
      "/Users/stefanliute/Projects/majordomo/spec/factories/rooms.rb": [
        1,
        1,
        1,
        null,
        null
      ],
      "/Users/stefanliute/Projects/majordomo/config/routes.rb": [
        1,
        null,
        1,
        1,
        1,
        1,
        null,
        null,
        null,
        1,
        null
      ],
      "/Users/stefanliute/Projects/majordomo/app/helpers/application_helper.rb": [
        1,
        1,
        null,
        null,
        null,
        null,
        null,
        18,
        null,
        null
      ],
      "/Users/stefanliute/Projects/majordomo/app/helpers/bookings_helper.rb": [
        1,
        null
      ],
      "/Users/stefanliute/Projects/majordomo/app/helpers/rooms_helper.rb": [
        1,
        null
      ],
      "/Users/stefanliute/Projects/majordomo/app/controllers/bookings_controller.rb": [
        1,
        null,
        1,
        0,
        0,
        null,
        null,
        1,
        14,
        14,
        null,
        null,
        1,
        11,
        11,
        11,
        9,
        9,
        null,
        2,
        2,
        null,
        null,
        null,
        1,
        3,
        3,
        null,
        null,
        1,
        1,
        1,
        null,
        null,
        1,
        1,
        1,
        1,
        1,
        1,
        null,
        0,
        0,
        null,
        null,
        null,
        1,
        1,
        1,
        1,
        1,
        1,
        null,
        null,
        1,
        2,
        2,
        null,
        null,
        1,
        null,
        1,
        12,
        null,
        null
      ],
      "/Users/stefanliute/Projects/majordomo/app/controllers/application_controller.rb": [
        1,
        1,
        null
      ],
      "/Users/stefanliute/Projects/majordomo/spec/controllers/rooms_controller_spec.rb": [
        1,
        null,
        1,
        null,
        null
      ],
      "/Users/stefanliute/Projects/majordomo/app/controllers/rooms_controller.rb": [
        1,
        null,
        1,
        6,
        null,
        null,
        1,
        5,
        null,
        null,
        1,
        3,
        3,
        2,
        2,
        null,
        1,
        null,
        1,
        null,
        null,
        null,
        1,
        26,
        null,
        null,
        1,
        1,
        null,
        null,
        1,
        1,
        1,
        1,
        1,
        null,
        null,
        1,
        1,
        1,
        1,
        1,
        null,
        null,
        1,
        null,
        1,
        4,
        null,
        null
      ],
      "/Users/stefanliute/Projects/majordomo/spec/features/bookings_feature_spec.rb": [
        1,
        null,
        1,
        1,
        2,
        null,
        1,
        1,
        1,
        1,
        null,
        null,
        null,
        1,
        6,
        6,
        null,
        1,
        1,
        1,
        1,
        1,
        null,
        null,
        1,
        1,
        1,
        1,
        1,
        1,
        null,
        null,
        1,
        1,
        1,
        1,
        1,
        null,
        null,
        1,
        1,
        1,
        1,
        1,
        null,
        null,
        1,
        1,
        1,
        null,
        null,
        null,
        1,
        2,
        null,
        1,
        1,
        1,
        1,
        1,
        1,
        1,
        1,
        1,
        1,
        null,
        null,
        null,
        1,
        2,
        null,
        1,
        1,
        1,
        1,
        1,
        1,
        1,
        1,
        1,
        null,
        null,
        null,
        1,
        2,
        null,
        1,
        1,
        1,
        1,
        1,
        1,
        1,
        1,
        1,
        null,
        null,
        null
      ],
      "/Users/stefanliute/Projects/majordomo/spec/features/rooms_feature_spec.rb": [
        1,
        null,
        1,
        1,
        1,
        1,
        1,
        1,
        null,
        null,
        null,
        1,
        1,
        1,
        1,
        1,
        null,
        null,
        1,
        1,
        1,
        1,
        1,
        null,
        null,
        1,
        1,
        1,
        null,
        null,
        null,
        1,
        2,
        null,
        1,
        1,
        1,
        1,
        1,
        1,
        1,
        null,
        null,
        null,
        1,
        2,
        null,
        1,
        1,
        1,
        1,
        1,
        1,
        1,
        1,
        null,
        null,
        null,
        1,
        2,
        null,
        1,
        1,
        1,
        1,
        1,
        1,
        null,
        null,
        null
      ],
      "/Users/stefanliute/Projects/majordomo/spec/features/view_status_spec.rb": [
        1,
        null,
        1,
        1,
        2,
        null,
        1,
        1,
        1,
        1,
        1,
        1,
        1,
        1,
        1,
        1,
        null,
        null,
        null,
        1,
        2,
        1,
        1,
        1,
        1,
        1,
        1,
        1,
        1,
        1,
        1,
        null,
        null,
        null
      ],
      "/Users/stefanliute/Projects/majordomo/spec/helpers/bookings_helper_spec.rb": [
        1,
        null,
        null,
        null,
        null,
        null,
        null,
        null,
        null,
        null,
        null,
        null,
        null,
        null,
        null,
        null,
        null,
        1,
        6,
        6,
        6,
        6,
        6,
        6,
        6,
        null,
        null,
        1,
        1,
        1,
        1,
        1,
        1,
        1,
        1,
        null,
        null,
        1,
        1,
        1,
        1,
        1,
        1,
        1,
        1,
        null,
        null,
        1,
        1,
        1,
        1,
        1,
        1,
        1,
        1,
        null,
        null,
        1,
        null,
        null,
        1,
        1,
        1,
        1,
        1,
        1,
        null
      ],
      "/Users/stefanliute/Projects/majordomo/spec/helpers/rooms_helper_spec.rb": [
        1,
        null,
        null,
        null,
        null,
        null,
        null,
        null,
        null,
        null,
        null,
        null,
        null,
        null,
        null,
        null,
        null,
        1,
        3,
        3,
        3,
        null
      ],
      "/Users/stefanliute/Projects/majordomo/spec/models/booking_spec.rb": [
        1,
        null,
        1,
        2,
        null
      ],
      "/Users/stefanliute/Projects/majordomo/app/models/booking.rb": [
        1,
        1,
        1,
        1,
        null,
        1,
        1,
        null,
        1,
        null,
        1,
        2,
        2,
        2,
        2,
        null,
        2,
        null,
        null
      ],
      "/Users/stefanliute/Projects/majordomo/app/models/application_record.rb": [
        1,
        1,
        null
      ],
      "/Users/stefanliute/Projects/majordomo/spec/models/room_spec.rb": [
        1,
        null,
        1,
        2,
        null
      ],
      "/Users/stefanliute/Projects/majordomo/app/models/room.rb": [
        1,
        1,
        null,
        1,
        null
      ]
    },
    "timestamp": 1488555581
  }
}
